[debug] [2021-08-17T03:50:21.777Z] ----------------------------------------------------------------------
[debug] [2021-08-17T03:50:21.779Z] Command:       C:\Program Files\nodejs\node.exe C:\Program Files\nodejs\node_modules\firebase-tools\lib\bin\firebase.js serve
[debug] [2021-08-17T03:50:21.779Z] CLI Version:   9.16.5
[debug] [2021-08-17T03:50:21.779Z] Platform:      win32
[debug] [2021-08-17T03:50:21.779Z] Node Version:  v14.15.3
[debug] [2021-08-17T03:50:21.780Z] Time:          Mon Aug 16 2021 22:50:21 GMT-0500 (Central Daylight Time)
[debug] [2021-08-17T03:50:21.780Z] ----------------------------------------------------------------------
[debug] 
[debug] [2021-08-17T03:50:21.827Z] > command requires scopes: ["email","openid","https://www.googleapis.com/auth/cloudplatformprojects.readonly","https://www.googleapis.com/auth/firebase","https://www.googleapis.com/auth/cloud-platform"]
[debug] [2021-08-17T03:50:21.827Z] > authorizing via signed-in user (jmccalip51@gmail.com)
[debug] [2021-08-17T03:50:21.827Z] [iam] checking project bug-tracker-e4401 for permissions ["firebase.projects.get"]
[debug] [2021-08-17T03:50:21.828Z] >>> HTTP REQUEST POST https://cloudresourcemanager.googleapis.com/v1/projects/bug-tracker-e4401:testIamPermissions  
 {"permissions":["firebase.projects.get"]}
[debug] [2021-08-17T03:50:22.209Z] <<< HTTP RESPONSE 200 {"content-type":"application/json; charset=UTF-8","vary":"X-Origin, Referer, Origin,Accept-Encoding","date":"Tue, 17 Aug 2021 03:50:21 GMT","server":"ESF","cache-control":"private","x-xss-protection":"0","x-frame-options":"SAMEORIGIN","x-content-type-options":"nosniff","server-timing":"gfet4t7; dur=72","alt-svc":"h3=\":443\"; ma=2592000,h3-29=\":443\"; ma=2592000,h3-T051=\":443\"; ma=2592000,h3-Q050=\":443\"; ma=2592000,h3-Q046=\":443\"; ma=2592000,h3-Q043=\":443\"; ma=2592000,quic=\":443\"; ma=2592000; v=\"46,43\"","accept-ranges":"none","transfer-encoding":"chunked"}
[debug] [2021-08-17T03:50:22.210Z] > refreshing access token with scopes: []
[debug] [2021-08-17T03:50:22.210Z] >>> HTTP REQUEST POST https://www.googleapis.com/oauth2/v3/token  
 <request body omitted>
[debug] [2021-08-17T03:50:22.486Z] <<< HTTP RESPONSE 200 {"pragma":"no-cache","cache-control":"no-cache, no-store, max-age=0, must-revalidate","date":"Tue, 17 Aug 2021 03:50:21 GMT","expires":"Mon, 01 Jan 1990 00:00:00 GMT","content-type":"application/json; charset=utf-8","vary":"X-Origin, Referer, Origin,Accept-Encoding","server":"scaffolding on HTTPServer2","x-xss-protection":"0","x-frame-options":"SAMEORIGIN","x-content-type-options":"nosniff","alt-svc":"h3=\":443\"; ma=2592000,h3-29=\":443\"; ma=2592000,h3-T051=\":443\"; ma=2592000,h3-Q050=\":443\"; ma=2592000,h3-Q046=\":443\"; ma=2592000,h3-Q043=\":443\"; ma=2592000,quic=\":443\"; ma=2592000; v=\"46,43\"","accept-ranges":"none","transfer-encoding":"chunked"}
[debug] [2021-08-17T03:50:22.706Z] >>> [apiv2][query] GET https://firebase.googleapis.com/v1beta1/projects/bug-tracker-e4401 [none]
[debug] [2021-08-17T03:50:22.969Z] <<< [apiv2][status] GET https://firebase.googleapis.com/v1beta1/projects/bug-tracker-e4401 200
[debug] [2021-08-17T03:50:22.970Z] <<< [apiv2][body] GET https://firebase.googleapis.com/v1beta1/projects/bug-tracker-e4401 {"projectId":"bug-tracker-e4401","projectNumber":"180501724640","displayName":"Bug-Tracker","name":"projects/bug-tracker-e4401","resources":{"hostingSite":"bug-tracker-e4401","realtimeDatabaseInstance":"bug-tracker-e4401-default-rtdb","storageBucket":"bug-tracker-e4401.appspot.com","locationId":"us-central"},"state":"ACTIVE"}
[info] 
[info] === Serving from 'C:\Users\Anon\Desktop\firebasetest'...
[info] 
[debug] [2021-08-17T03:50:22.973Z] >>> [apiv2][query] GET https://firebasehosting.googleapis.com/v1beta1/projects/bug-tracker-e4401/sites 
[info] +  functions: Using node@14 from host. {"metadata":{"emulator":{"name":"functions"},"message":"Using node@14 from host."}}
[debug] [2021-08-17T03:50:23.058Z] defaultcredentials: writing to file C:\Users\Anon\AppData\Roaming\firebase\jmccalip51_gmail_com_application_default_credentials.json
[debug] [2021-08-17T03:50:23.059Z] Setting GAC to C:\Users\Anon\AppData\Roaming\firebase\jmccalip51_gmail_com_application_default_credentials.json {"metadata":{"emulator":{"name":"functions"},"message":"Setting GAC to C:\\Users\\Anon\\AppData\\Roaming\\firebase\\jmccalip51_gmail_com_application_default_credentials.json"}}
[debug] [2021-08-17T03:50:23.060Z] >>> [apiv2][query] GET https://firebase.googleapis.com/v1beta1/projects/bug-tracker-e4401/adminSdkConfig [none]
[debug] [2021-08-17T03:50:23.302Z] <<< [apiv2][status] GET https://firebase.googleapis.com/v1beta1/projects/bug-tracker-e4401/adminSdkConfig 200
[debug] [2021-08-17T03:50:23.302Z] <<< [apiv2][body] GET https://firebase.googleapis.com/v1beta1/projects/bug-tracker-e4401/adminSdkConfig {"projectId":"bug-tracker-e4401","databaseURL":"https://bug-tracker-e4401-default-rtdb.firebaseio.com","storageBucket":"bug-tracker-e4401.appspot.com","locationId":"us-central"}
[debug] [2021-08-17T03:50:23.414Z] <<< [apiv2][status] GET https://firebasehosting.googleapis.com/v1beta1/projects/bug-tracker-e4401/sites 200
[debug] [2021-08-17T03:50:23.414Z] <<< [apiv2][body] GET https://firebasehosting.googleapis.com/v1beta1/projects/bug-tracker-e4401/sites {"sites":[{"name":"projects/180501724640/sites/bug-tracker-e4401","defaultUrl":"https://bug-tracker-e4401.web.app","appId":"1:180501724640:web:86dd3220fff7fd8a837f85","type":"DEFAULT_SITE"}]}
[debug] [2021-08-17T03:50:23.414Z] >>> [apiv2][query] GET https://firebase.googleapis.com/v1beta1/projects/bug-tracker-e4401/webApps/1:180501724640:web:86dd3220fff7fd8a837f85/config [none]
[debug] [2021-08-17T03:50:23.778Z] <<< [apiv2][status] GET https://firebase.googleapis.com/v1beta1/projects/bug-tracker-e4401/webApps/1:180501724640:web:86dd3220fff7fd8a837f85/config 200
[debug] [2021-08-17T03:50:23.779Z] <<< [apiv2][body] GET https://firebase.googleapis.com/v1beta1/projects/bug-tracker-e4401/webApps/1:180501724640:web:86dd3220fff7fd8a837f85/config {"projectId":"bug-tracker-e4401","appId":"1:180501724640:web:86dd3220fff7fd8a837f85","databaseURL":"https://bug-tracker-e4401-default-rtdb.firebaseio.com","storageBucket":"bug-tracker-e4401.appspot.com","locationId":"us-central","apiKey":"AIzaSyBNRFfYg12CG-c5NJlTN0uTwp31NGe3P08","authDomain":"bug-tracker-e4401.firebaseapp.com","messagingSenderId":"180501724640","measurementId":"G-XHC9FRL0M8"}
[info] i  functions: Watching "C:\Users\Anon\Desktop\firebasetest\functions" for Cloud Functions... {"metadata":{"emulator":{"name":"functions"},"message":"Watching \"C:\\Users\\Anon\\Desktop\\firebasetest\\functions\" for Cloud Functions..."}}
[debug] [2021-08-17T03:50:24.043Z] [worker-pool] addWorker(~diagnostic~) {"metadata":{"emulator":{"name":"functions"},"message":"[worker-pool] addWorker(~diagnostic~)"}}
[debug] [2021-08-17T03:50:24.043Z] [worker-pool] Adding worker with key ~diagnostic~, total=1 {"metadata":{"emulator":{"name":"functions"},"message":"[worker-pool] Adding worker with key ~diagnostic~, total=1"}}
[debug] [2021-08-17T03:50:24.043Z] [worker-pool] submitWork(triggerId=) {"metadata":{"emulator":{"name":"functions"},"message":"[worker-pool] submitWork(triggerId=)"}}
[debug] [2021-08-17T03:50:24.043Z] [worker-~diagnostic~-42657b8f-356e-4fb3-91c4-c0f1c291c8f4]: Assigning socketPath: \\?\pipe\C:\Users\Anon\Desktop\firebasetest\functions\28000 {"metadata":{"emulator":{"name":"functions"},"message":"[worker-~diagnostic~-42657b8f-356e-4fb3-91c4-c0f1c291c8f4]: Assigning socketPath: \\\\?\\pipe\\C:\\Users\\Anon\\Desktop\\firebasetest\\functions\\28000"}}
[debug] [2021-08-17T03:50:24.044Z] [worker-~diagnostic~-42657b8f-356e-4fb3-91c4-c0f1c291c8f4]: BUSY {"metadata":{"emulator":{"name":"functions"},"message":"[worker-~diagnostic~-42657b8f-356e-4fb3-91c4-c0f1c291c8f4]: BUSY"}}
[info] i  hosting: Serving hosting files from: public {"metadata":{"emulator":{"name":"hosting"},"message":"Serving hosting files from: \u001b[1mpublic\u001b[22m"}}
[info] +  hosting: Local server: http://localhost:5000 {"metadata":{"emulator":{"name":"hosting"},"message":"Local server: \u001b[4m\u001b[1mhttp://localhost:5000\u001b[22m\u001b[24m"}}
[debug] [2021-08-17T03:50:24.347Z] [runtime-status] [28000] Functions runtime initialized. {"cwd":"C:\\Users\\Anon\\Desktop\\firebasetest\\functions","node_version":"14.15.3"} {"metadata":{"emulator":{"name":"functions"},"message":"[runtime-status] [28000] Functions runtime initialized. {\"cwd\":\"C:\\\\Users\\\\Anon\\\\Desktop\\\\firebasetest\\\\functions\",\"node_version\":\"14.15.3\"}"}}
[debug] [2021-08-17T03:50:24.348Z] [runtime-status] [28000] Disabled runtime features: undefined {"metadata":{"emulator":{"name":"functions"},"message":"[runtime-status] [28000] Disabled runtime features: undefined"}}
[debug] [2021-08-17T03:50:24.351Z] [runtime-status] [28000] Resolved module firebase-admin {"declared":true,"installed":true,"version":"9.11.0","resolution":"C:\\Users\\Anon\\Desktop\\firebasetest\\functions\\node_modules\\firebase-admin\\lib\\index.js"} {"metadata":{"emulator":{"name":"functions"},"message":"[runtime-status] [28000] Resolved module firebase-admin {\"declared\":true,\"installed\":true,\"version\":\"9.11.0\",\"resolution\":\"C:\\\\Users\\\\Anon\\\\Desktop\\\\firebasetest\\\\functions\\\\node_modules\\\\firebase-admin\\\\lib\\\\index.js\"}"}}
[debug] [2021-08-17T03:50:24.355Z] [runtime-status] [28000] Resolved module firebase-functions {"declared":true,"installed":true,"version":"3.15.4","resolution":"C:\\Users\\Anon\\Desktop\\firebasetest\\functions\\node_modules\\firebase-functions\\lib\\index.js"} {"metadata":{"emulator":{"name":"functions"},"message":"[runtime-status] [28000] Resolved module firebase-functions {\"declared\":true,\"installed\":true,\"version\":\"3.15.4\",\"resolution\":\"C:\\\\Users\\\\Anon\\\\Desktop\\\\firebasetest\\\\functions\\\\node_modules\\\\firebase-functions\\\\lib\\\\index.js\"}"}}
[debug] [2021-08-17T03:50:24.357Z] [runtime-status] [28000] Resolved module firebase-functions {"declared":true,"installed":true,"version":"3.15.4","resolution":"C:\\Users\\Anon\\Desktop\\firebasetest\\functions\\node_modules\\firebase-functions\\lib\\index.js"} {"metadata":{"emulator":{"name":"functions"},"message":"[runtime-status] [28000] Resolved module firebase-functions {\"declared\":true,\"installed\":true,\"version\":\"3.15.4\",\"resolution\":\"C:\\\\Users\\\\Anon\\\\Desktop\\\\firebasetest\\\\functions\\\\node_modules\\\\firebase-functions\\\\lib\\\\index.js\"}"}}
[debug] [2021-08-17T03:50:24.358Z] [runtime-status] [28000] Outgoing network have been stubbed. [{"name":"http","status":"mocked"},{"name":"http","status":"mocked"},{"name":"https","status":"mocked"},{"name":"https","status":"mocked"},{"name":"net","status":"mocked"}] {"metadata":{"emulator":{"name":"functions"},"message":"[runtime-status] [28000] Outgoing network have been stubbed. [{\"name\":\"http\",\"status\":\"mocked\"},{\"name\":\"http\",\"status\":\"mocked\"},{\"name\":\"https\",\"status\":\"mocked\"},{\"name\":\"https\",\"status\":\"mocked\"},{\"name\":\"net\",\"status\":\"mocked\"}]"}}
[debug] [2021-08-17T03:50:24.359Z] [runtime-status] [28000] Resolved module firebase-functions {"declared":true,"installed":true,"version":"3.15.4","resolution":"C:\\Users\\Anon\\Desktop\\firebasetest\\functions\\node_modules\\firebase-functions\\lib\\index.js"} {"metadata":{"emulator":{"name":"functions"},"message":"[runtime-status] [28000] Resolved module firebase-functions {\"declared\":true,\"installed\":true,\"version\":\"3.15.4\",\"resolution\":\"C:\\\\Users\\\\Anon\\\\Desktop\\\\firebasetest\\\\functions\\\\node_modules\\\\firebase-functions\\\\lib\\\\index.js\"}"}}
[debug] [2021-08-17T03:50:24.394Z] [runtime-status] [28000] Checked functions.config() {"config":{}} {"metadata":{"emulator":{"name":"functions"},"message":"[runtime-status] [28000] Checked functions.config() {\"config\":{}}"}}
[debug] [2021-08-17T03:50:24.394Z] [runtime-status] [28000] firebase-functions has been stubbed. {"functionsResolution":{"declared":true,"installed":true,"version":"3.15.4","resolution":"C:\\Users\\Anon\\Desktop\\firebasetest\\functions\\node_modules\\firebase-functions\\lib\\index.js"}} {"metadata":{"emulator":{"name":"functions"},"message":"[runtime-status] [28000] firebase-functions has been stubbed. {\"functionsResolution\":{\"declared\":true,\"installed\":true,\"version\":\"3.15.4\",\"resolution\":\"C:\\\\Users\\\\Anon\\\\Desktop\\\\firebasetest\\\\functions\\\\node_modules\\\\firebase-functions\\\\lib\\\\index.js\"}}"}}
[debug] [2021-08-17T03:50:24.395Z] [runtime-status] [28000] Resolved module firebase-functions {"declared":true,"installed":true,"version":"3.15.4","resolution":"C:\\Users\\Anon\\Desktop\\firebasetest\\functions\\node_modules\\firebase-functions\\lib\\index.js"} {"metadata":{"emulator":{"name":"functions"},"message":"[runtime-status] [28000] Resolved module firebase-functions {\"declared\":true,\"installed\":true,\"version\":\"3.15.4\",\"resolution\":\"C:\\\\Users\\\\Anon\\\\Desktop\\\\firebasetest\\\\functions\\\\node_modules\\\\firebase-functions\\\\lib\\\\index.js\"}"}}
[debug] [2021-08-17T03:50:24.396Z] [runtime-status] [28000] Resolved module firebase-admin {"declared":true,"installed":true,"version":"9.11.0","resolution":"C:\\Users\\Anon\\Desktop\\firebasetest\\functions\\node_modules\\firebase-admin\\lib\\index.js"} {"metadata":{"emulator":{"name":"functions"},"message":"[runtime-status] [28000] Resolved module firebase-admin {\"declared\":true,\"installed\":true,\"version\":\"9.11.0\",\"resolution\":\"C:\\\\Users\\\\Anon\\\\Desktop\\\\firebasetest\\\\functions\\\\node_modules\\\\firebase-admin\\\\lib\\\\index.js\"}"}}
[debug] [2021-08-17T03:50:24.396Z] [runtime-status] [28000] Resolved module firebase-functions {"declared":true,"installed":true,"version":"3.15.4","resolution":"C:\\Users\\Anon\\Desktop\\firebasetest\\functions\\node_modules\\firebase-functions\\lib\\index.js"} {"metadata":{"emulator":{"name":"functions"},"message":"[runtime-status] [28000] Resolved module firebase-functions {\"declared\":true,\"installed\":true,\"version\":\"3.15.4\",\"resolution\":\"C:\\\\Users\\\\Anon\\\\Desktop\\\\firebasetest\\\\functions\\\\node_modules\\\\firebase-functions\\\\lib\\\\index.js\"}"}}
[debug] [2021-08-17T03:50:24.397Z] [runtime-status] [28000] firebase-admin has been stubbed. {"adminResolution":{"declared":true,"installed":true,"version":"9.11.0","resolution":"C:\\Users\\Anon\\Desktop\\firebasetest\\functions\\node_modules\\firebase-admin\\lib\\index.js"}} {"metadata":{"emulator":{"name":"functions"},"message":"[runtime-status] [28000] firebase-admin has been stubbed. {\"adminResolution\":{\"declared\":true,\"installed\":true,\"version\":\"9.11.0\",\"resolution\":\"C:\\\\Users\\\\Anon\\\\Desktop\\\\firebasetest\\\\functions\\\\node_modules\\\\firebase-admin\\\\lib\\\\index.js\"}}"}}
[debug] [2021-08-17T03:50:24.419Z] [worker-~diagnostic~-42657b8f-356e-4fb3-91c4-c0f1c291c8f4]: IDLE {"metadata":{"emulator":{"name":"functions"},"message":"[worker-~diagnostic~-42657b8f-356e-4fb3-91c4-c0f1c291c8f4]: IDLE"}}
[info] i  hosting: 127.0.0.1 - - [17/Aug/2021:03:50:30 +0000] "GET /app.js HTTP/1.1" - - "http://localhost:5000/" "Mozilla/5.0 (Windows NT 10.0; Win64; x64; rv:91.0) Gecko/20100101 Firefox/91.0" {"metadata":{"emulator":{"name":"hosting"},"message":"127.0.0.1 - - [17/Aug/2021:03:50:30 +0000] \"GET /app.js HTTP/1.1\" - - \"http://localhost:5000/\" \"Mozilla/5.0 (Windows NT 10.0; Win64; x64; rv:91.0) Gecko/20100101 Firefox/91.0\""}}
